<?xml version="1.0" encoding="UTF-8"?>
<testng-results skipped="0" failed="0" total="1" passed="1">
  <reporter-output>
  </reporter-output>
  <suite name="Suite" duration-ms="5182" started-at="2019-06-29T16:13:34Z" finished-at="2019-06-29T16:13:39Z">
    <groups>
    </groups>
    <test name="Test" duration-ms="5182" started-at="2019-06-29T16:13:34Z" finished-at="2019-06-29T16:13:39Z">
      <class name="org.mma.selenium.NewTest">
        <test-method status="PASS" signature="setUp()[pri:0, instance:org.mma.selenium.NewTest@23ceabc1]" name="setUp" is-config="true" duration-ms="3742" started-at="2019-06-29T12:13:34Z" finished-at="2019-06-29T12:13:38Z">
          <reporter-output>
          </reporter-output>
        </test-method> <!-- setUp -->
        <test-method status="PASS" signature="testGooglePageTitleInIEBrowser()[pri:0, instance:org.mma.selenium.NewTest@23ceabc1]" name="testGooglePageTitleInIEBrowser" duration-ms="788" started-at="2019-06-29T12:13:38Z" finished-at="2019-06-29T12:13:38Z">
          <reporter-output>
          </reporter-output>
        </test-method> <!-- testGooglePageTitleInIEBrowser -->
        <test-method status="PASS" signature="tearDown()[pri:0, instance:org.mma.selenium.NewTest@23ceabc1]" name="tearDown" is-config="true" duration-ms="642" started-at="2019-06-29T12:13:38Z" finished-at="2019-06-29T12:13:39Z">
          <reporter-output>
          </reporter-output>
        </test-method> <!-- tearDown -->
      </class> <!-- org.mma.selenium.NewTest -->
    </test> <!-- Test -->
  </suite> <!-- Suite -->
</testng-results>
